<?xml version="1.0" encoding="UTF-8"?>
<!-- Generated by org.testng.reporters.JUnitReportReporter -->
<testsuite skipped="1" hostname="SurajMishra" name="parallel.ParallelRun" tests="7" failures="0" timestamp="20 Mar 2021 13:38:38 GMT" time="315.022" errors="0">
  <testcase name="runScenario" time="48.421" classname="parallel.ParallelRun"/>
  <testcase name="runScenario" time="48.419" classname="parallel.ParallelRun"/>
  <testcase name="runScenario" time="44.836" classname="parallel.ParallelRun"/>
  <testcase name="runScenario" time="28.141" classname="parallel.ParallelRun">
    <skipped/>
  </testcase> <!-- runScenario -->
  <testcase name="runScenario" time="48.398" classname="parallel.ParallelRun"/>
  <testcase name="runScenario" time="48.420" classname="parallel.ParallelRun"/>
  <testcase name="runScenario" time="48.387" classname="parallel.ParallelRun"/>
</testsuite> <!-- parallel.ParallelRun -->
